[265月2023 23:00:10.714] [main/INFO] [cpw.mods.modlauncher.Launcher/MODLAUNCHER]: ModLauncher running: args [--launchTarget, forgeclientuserdev, --version, MOD_DEV, --assetIndex, 1.19, --assetsDir, C:\Users\luoyunfa-250\.mcreator\gradle\caches\forge_gradle\assets, --gameDir, ., --fml.forgeVersion, 43.2.0, --fml.mcVersion, 1.19.2, --fml.forgeGroup, net.minecraftforge, --fml.mcpVersion, 20220805.130853]
[265月2023 23:00:10.721] [main/INFO] [cpw.mods.modlauncher.Launcher/MODLAUNCHER]: ModLauncher 10.0.8+10.0.8+main.0ef7e830 starting: java version 17.0.5 by Eclipse Adoptium; OS Windows 7 arch amd64 version 6.1
[265月2023 23:00:10.969] [main/INFO] [mixin/]: SpongePowered MIXIN Subsystem Version=0.8.5 Source=union:/C:/Users/luoyunfa-250/.mcreator/gradle/caches/modules-2/files-2.1/org.spongepowered/mixin/0.8.5/9d1c0c3a304ae6697ecd477218fa61b850bf57fc/mixin-0.8.5.jar%23126!/ Service=ModLauncher Env=CLIENT
[265月2023 23:00:11.053] [main/WARN] [net.minecraftforge.fml.loading.FMLConfig/CORE]: Configuration file D:\MCreatorWorkspaces\good_play\run\config\fml.toml is not correct. Correcting
[265月2023 23:00:11.065] [main/WARN] [net.minecraftforge.fml.loading.FMLConfig/CORE]: Incorrect key [defaultConfigPath] was corrected from null to defaultconfigs
[265月2023 23:00:11.688] [main/WARN] [net.minecraftforge.fml.loading.moddiscovery.ModFileParser/LOADING]: Mod file C:\Users\luoyunfa-250\.mcreator\gradle\caches\modules-2\files-2.1\net.minecraftforge\javafmllanguage\1.19.2-43.2.0\5713dfd49576886a7ffc353f14f067ad42369592\javafmllanguage-1.19.2-43.2.0.jar is missing mods.toml file
[265月2023 23:00:11.693] [main/WARN] [net.minecraftforge.fml.loading.moddiscovery.ModFileParser/LOADING]: Mod file C:\Users\luoyunfa-250\.mcreator\gradle\caches\modules-2\files-2.1\net.minecraftforge\lowcodelanguage\1.19.2-43.2.0\51c88985dd125457fb8b6c2c58a4f3b9349a6b57\lowcodelanguage-1.19.2-43.2.0.jar is missing mods.toml file
[265月2023 23:00:11.698] [main/WARN] [net.minecraftforge.fml.loading.moddiscovery.ModFileParser/LOADING]: Mod file C:\Users\luoyunfa-250\.mcreator\gradle\caches\modules-2\files-2.1\net.minecraftforge\mclanguage\1.19.2-43.2.0\f4fa83ef8129c7f7cc5847fbafb07f7ae86c1bb\mclanguage-1.19.2-43.2.0.jar is missing mods.toml file
[265月2023 23:00:11.703] [main/WARN] [net.minecraftforge.fml.loading.moddiscovery.ModFileParser/LOADING]: Mod file C:\Users\luoyunfa-250\.mcreator\gradle\caches\modules-2\files-2.1\net.minecraftforge\fmlcore\1.19.2-43.2.0\d4dcb5b809b7f035ac22b058941cf81f84451545\fmlcore-1.19.2-43.2.0.jar is missing mods.toml file
[265月2023 23:00:11.859] [main/INFO] [net.minecraftforge.fml.loading.moddiscovery.JarInJarDependencyLocator/]: No dependencies to load found. Skipping!
[265月2023 23:00:13.896] [main/INFO] [cpw.mods.modlauncher.LaunchServiceHandler/MODLAUNCHER]: Launching target 'forgeclientuserdev' with arguments [--version, MOD_DEV, --gameDir, ., --assetsDir, C:\Users\luoyunfa-250\.mcreator\gradle\caches\forge_gradle\assets, --assetIndex, 1.19]
[265月2023 23:00:15.104] [main/WARN] [oshi.util.platform.windows.PerfDataUtil/]: Failed to add PDH Counter: \Paging File(_Total)\% Usage, Error code: 0xC0000BB8
[265月2023 23:00:15.104] [main/WARN] [oshi.util.platform.windows.PerfCounterQueryHandler/]: Failed to add counter for PDH counter: \Paging File(_Total)\% Usage
[265月2023 23:00:15.105] [main/WARN] [oshi.util.platform.windows.PerfCounterQuery/]: Disabling further attempts to query Paging File.
[265月2023 23:00:30.292] [main/WARN] [oshi.util.platform.windows.WmiQueryHandler/]: COM exception: Invalid Query: SELECT PERCENTUSAGE FROM Win32_PerfRawData_PerfOS_PagingFile
[265月2023 23:00:34.114] [pool-3-thread-1/INFO] [net.minecraft.util.datafix.DataFixers/]: Building unoptimized datafixer
[265月2023 23:00:36.771] [Render thread/WARN] [net.minecraft.server.packs.VanillaPackResources/]: Assets URL 'union:/C:/Users/luoyunfa-250/.mcreator/gradle/caches/forge_gradle/minecraft_user_repo/net/minecraftforge/forge/1.19.2-43.2.0_mapped_official_1.19.2/forge-1.19.2-43.2.0_mapped_official_1.19.2-recomp.jar%23188!/assets/.mcassetsroot' uses unexpected schema
[265月2023 23:00:36.772] [Render thread/WARN] [net.minecraft.server.packs.VanillaPackResources/]: Assets URL 'union:/C:/Users/luoyunfa-250/.mcreator/gradle/caches/forge_gradle/minecraft_user_repo/net/minecraftforge/forge/1.19.2-43.2.0_mapped_official_1.19.2/forge-1.19.2-43.2.0_mapped_official_1.19.2-recomp.jar%23188!/data/.mcassetsroot' uses unexpected schema
[265月2023 23:00:36.792] [Render thread/INFO] [com.mojang.authlib.yggdrasil.YggdrasilAuthenticationService/]: Environment: authHost='https://authserver.mojang.com', accountsHost='https://api.mojang.com', sessionHost='https://sessionserver.mojang.com', servicesHost='https://api.minecraftservices.com', name='PROD'
[265月2023 23:00:36.799] [Render thread/INFO] [net.minecraft.client.Minecraft/]: Setting user: Dev
[265月2023 23:00:37.527] [Render thread/INFO] [net.minecraft.client.Minecraft/]: Backend library: LWJGL version 3.3.1 build 7
[265月2023 23:00:40.472] [Render thread/WARN] [net.minecraft.client.main.Main/]: Failed to create window: 
com.mojang.blaze3d.platform.Window$WindowInitFailed: GLFW error 65542: WGL: The driver does not appear to support OpenGL
	at com.mojang.blaze3d.platform.Window.bootCrash(Window.java:246) ~[forge-1.19.2-43.2.0_mapped_official_1.19.2-recomp.jar%23188!/:?]
	at org.lwjgl.glfw.GLFWErrorCallbackI.callback(GLFWErrorCallbackI.java:43) ~[lwjgl-glfw-3.3.1.jar%23168!/:build 7]
	at org.lwjgl.system.JNI.invokePPPP(Native Method) ~[lwjgl-3.3.1.jar%23174!/:build 7]
	at org.lwjgl.glfw.GLFW.nglfwCreateWindow(GLFW.java:2024) ~[lwjgl-glfw-3.3.1.jar%23168!/:build 7]
	at org.lwjgl.glfw.GLFW.glfwCreateWindow(GLFW.java:2197) ~[lwjgl-glfw-3.3.1.jar%23168!/:build 7]
	at net.minecraftforge.client.loading.NoVizFallback.lambda$fallback$0(NoVizFallback.java:14) ~[forge-1.19.2-43.2.0_mapped_official_1.19.2-recomp.jar%23187%23194!/:?]
	at java.util.Optional.map(Optional.java:260) ~[?:?]
	at net.minecraftforge.fml.loading.progress.EarlyProgressVisualization$Visualization.handOffWindow(EarlyProgressVisualization.java:50) ~[fmlloader-1.19.2-43.2.0.jar%23101!/:?]
	at net.minecraftforge.fml.loading.progress.EarlyProgressVisualization.handOffWindow(EarlyProgressVisualization.java:35) ~[fmlloader-1.19.2-43.2.0.jar%23101!/:?]
	at com.mojang.blaze3d.platform.Window.<init>(Window.java:85) ~[forge-1.19.2-43.2.0_mapped_official_1.19.2-recomp.jar%23188!/:?]
	at net.minecraft.client.renderer.VirtualScreen.newWindow(VirtualScreen.java:23) ~[forge-1.19.2-43.2.0_mapped_official_1.19.2-recomp.jar%23188!/:?]
	at net.minecraft.client.Minecraft.<init>(Minecraft.java:442) ~[forge-1.19.2-43.2.0_mapped_official_1.19.2-recomp.jar%23188!/:?]
	at net.minecraft.client.main.Main.run(Main.java:176) ~[forge-1.19.2-43.2.0_mapped_official_1.19.2-recomp.jar%23188!/:?]
	at net.minecraft.client.main.Main.main(Main.java:51) ~[forge-1.19.2-43.2.0_mapped_official_1.19.2-recomp.jar%23188!/:?]
	at jdk.internal.reflect.NativeMethodAccessorImpl.invoke0(Native Method) ~[?:?]
	at jdk.internal.reflect.NativeMethodAccessorImpl.invoke(NativeMethodAccessorImpl.java:77) ~[?:?]
	at jdk.internal.reflect.DelegatingMethodAccessorImpl.invoke(DelegatingMethodAccessorImpl.java:43) ~[?:?]
	at java.lang.reflect.Method.invoke(Method.java:568) ~[?:?]
	at net.minecraftforge.fml.loading.targets.ForgeClientUserdevLaunchHandler.lambda$launchService$0(ForgeClientUserdevLaunchHandler.java:25) ~[fmlloader-1.19.2-43.2.0.jar%23101!/:?]
	at cpw.mods.modlauncher.LaunchServiceHandlerDecorator.launch(LaunchServiceHandlerDecorator.java:30) [modlauncher-10.0.8.jar%23114!/:?]
	at cpw.mods.modlauncher.LaunchServiceHandler.launch(LaunchServiceHandler.java:53) [modlauncher-10.0.8.jar%23114!/:?]
	at cpw.mods.modlauncher.LaunchServiceHandler.launch(LaunchServiceHandler.java:71) [modlauncher-10.0.8.jar%23114!/:?]
	at cpw.mods.modlauncher.Launcher.run(Launcher.java:106) [modlauncher-10.0.8.jar%23114!/:?]
	at cpw.mods.modlauncher.Launcher.main(Launcher.java:77) [modlauncher-10.0.8.jar%23114!/:?]
	at cpw.mods.modlauncher.BootstrapLaunchConsumer.accept(BootstrapLaunchConsumer.java:26) [modlauncher-10.0.8.jar%23114!/:?]
	at cpw.mods.modlauncher.BootstrapLaunchConsumer.accept(BootstrapLaunchConsumer.java:23) [modlauncher-10.0.8.jar%23114!/:?]
	at cpw.mods.bootstraplauncher.BootstrapLauncher.main(BootstrapLauncher.java:141) [bootstraplauncher-1.1.2.jar:?]
